2020-06-18 09:11:51,366:Survey Assist - v1.0 :************************** STARTED APPLICATION - User: ??**************************
2020-06-18 09:12:00,694:Survey Assist - v1.0 :OPENING UP A GSI FILE: C:/Users/Richard/PycharmProjects/Survey Assist/Test Files/GSI Files/2D Survey MR050819.GSI
2020-06-18 09:12:07,865:Survey Assist - v1.0 :************************** STARTED APPLICATION - User: ??**************************
2020-06-18 09:12:10,896:Survey Assist - v1.0 :OPENING UP A GSI FILE: C:/Users/Richard/PycharmProjects/Survey Assist/Test Files/GSI Files/ARTC_903_TS15 230320.GSI
2020-06-18 09:12:45,859:Survey Assist - v1.0 :************************* STARTED APPLICATION - User: ?? *************************
2020-06-18 09:12:50,415:Survey Assist - v1.0 :OPENING UP A GSI FILE: C:/Users/Richard/PycharmProjects/Survey Assist/Test Files/GSI Files/3D STN named incorrect.GSI
2020-06-22 10:03:55,552:Survey Assist - v1.0 :************************* STARTED APPLICATION - User: ?? *************************
2020-06-22 10:04:32,170:Survey Assist - v1.0 :OPENING UP A GSI FILE: C:/Users/Richard/PycharmProjects/Survey Assist/Test Files/GSI Files/3D MR_120819_3D error change.gsi
2020-06-22 11:35:01,883:Survey Assist - v1.0 :************************* STARTED APPLICATION - User: RW *************************
2020-06-23 22:15:49,544:Survey Assist - v1.0 :************************* STARTED APPLICATION - User: RW *************************
2020-06-23 22:23:09,488:Survey Assist - v1.0 :************************* STARTED APPLICATION - User: RW *************************
2020-06-23 22:35:08,025:Survey Assist - v1.0 :************************* STARTED APPLICATION - User: RW *************************
2020-06-23 22:37:56,226:Survey Assist - v1.0 :************************* STARTED APPLICATION - User: RW *************************
2020-06-23 22:42:18,442:Survey Assist - v1.0 :************************* STARTED APPLICATION - User: RW *************************
2020-06-23 22:42:49,296:Survey Assist - v1.0 :OPENING UP A GSI FILE: C:/Users/Richard/PycharmProjects/Survey Assist/Test Files/Survey Data/2020/MONITORING/A9 ARTC/200623/TS/EDITING/ARTC_903_MON_V2_TS15_230620_EDITED.GSI
2020-06-23 22:43:27,218:Survey Assist - v1.0 :OPENING UP A GSI FILE: C:/Users/Richard/PycharmProjects/Survey Assist/Test Files/Survey Data/2020/MONITORING/A9 ARTC/200623/TS/EDITING/ARTC_903_MON_V2_MS60_230620_EDITED.GSI
2020-06-24 08:57:56,959:Survey Assist - v1.0 :************************* STARTED APPLICATION - User: RW *************************
2020-06-24 08:58:27,202:Survey Assist - v1.0 :OPENING UP A GSI FILE: C:/Users/Richard/Downloads/A7MR 240620.GSI
2020-06-24 09:04:15,607:Survey Assist - v1.0 :OPENING UP A GSI FILE: C:/Users/Richard/Downloads/A7MR 240620.GSI
2020-06-24 09:05:10,828:Survey Assist - v1.0 :************************* STARTED APPLICATION - User: RW *************************
2020-06-24 09:05:15,515:Survey Assist - v1.0 :OPENING UP A GSI FILE: C:/Users/Richard/Downloads/A7MR 240620.GSI
2020-06-24 09:07:09,030:Survey Assist - v1.0 :OPENING UP A GSI FILE: C:/Users/Richard/Downloads/A7MR 240620 - Copy.GSI
2020-06-24 09:08:43,514:Survey Assist - v1.0 :OPENING UP A GSI FILE: C:/SD/TS60/Gsi/A7MR 240620.GSI
2020-06-24 09:15:11,838:Survey Assist - v1.0 :************************* STARTED APPLICATION - User: RW *************************
2020-06-24 09:16:20,633:Survey Assist - v1.0 :************************* STARTED APPLICATION - User: RW *************************
2020-06-24 09:16:27,795:Survey Assist - v1.0 :OPENING UP A GSI FILE: C:/Users/Richard/Downloads/A7MR 240620.gsi
