                                 PROJECT: MEN RD 100320
                              ORGANISATION: ILLAWARRA COAL
                                      OBSERVER: TBA
                            ID/INSTRUMENT: TRIMBLE ROD EMERY
                                Wed Mar 11 14:34:16 2020
    
                              TWO DIMENSIONAL ADJUSTMENT
                                MGA ZONE 56 PROJECTION
    
                                        DIRECTIONS
 FROM         TO       ARC CHORD     OBSERVED          FINAL       RESIDUAL   STANDARDISED
                         SECS        DIRECTION       DIRECTION       SECS      RESIDUAL    OFFSET

   STN01   FOCSTN03     -0.02     147° 32' 51.98"  147° 32' 51.04"  -0.94        0.22       0.0006
   STN01   FOCSTN03     -0.02     147° 32' 46.98"  147° 32' 51.04"   4.06        0.97       0.0028
   STN01     MR9001     -0.01     297° 54' 33.99"  297° 54' 35.99"   2.00        0.38       0.0011
   STN01     MR9001     -0.01     297° 54' 37.99"  297° 54' 35.99"  -2.00        0.38       0.0011
   STN01     MR9001     -0.01     297° 54' 37.99"  297° 54' 35.99"  -2.00        0.38       0.0011
   STN01     MR9001     -0.01     297° 54' 33.99"  297° 54' 35.99"   2.00        0.38       0.0011
   STN01     MR9002     -0.01     300° 40' 41.99"  300° 40' 42.49"   0.50        0.08       0.0002
   STN01     MR9002     -0.01     300° 40' 42.99"  300° 40' 42.49"  -0.50        0.08       0.0002
   STN01     MR9003     -0.01     303° 27' 46.99"  303° 27' 46.99"   0.00        0.00       0.0000
   STN01     MR9003     -0.01     303° 27' 46.99"  303° 27' 46.99"   0.00        0.00       0.0000
   STN01     MR9004     -0.00     307° 23' 19.00"  307° 23' 19.50"   0.50        0.05       0.0001
   STN01     MR9004     -0.00     307° 23' 20.00"  307° 23' 19.50"  -0.50        0.05       0.0001
   STN01     MR9005      0.00     312° 04' 38.00"  312° 04' 38.00"  -0.00        0.00       0.0000
   STN01     MR9005      0.00     312° 04' 38.00"  312° 04' 38.00"  -0.00        0.00       0.0000
   STN01     MR9006      0.00     326° 31' 52.00"  326° 31' 53.50"   1.50        0.04       0.0001
   STN01     MR9006      0.00     326° 31' 55.00"  326° 31' 53.50"  -1.50        0.04       0.0001
   STN01     MR9007      0.00      63° 59' 53.00"   63° 59' 53.00"  -0.00        0.00       0.0000
   STN01     MR9007      0.00      63° 59' 53.00"   63° 59' 53.00"  -0.00        0.00       0.0000
   STN01     MR9008      0.01     104° 39' 14.01"  104° 39' 13.51"  -0.50        0.02       0.0001
   STN01     MR9008      0.01     104° 39' 13.01"  104° 39' 13.51"   0.50        0.02       0.0001
   STN01     MR9009      0.01     113° 22' 45.01"  113° 22' 45.01"  -0.00        0.00       0.0000
   STN01     MR9009      0.01     113° 22' 45.01"  113° 22' 45.01"  -0.00        0.00       0.0000
   STN01     MR9010      0.01     117° 02' 01.01"  117° 02' 02.01"   1.00        0.11       0.0003
   STN01     MR9010      0.01     117° 02' 03.01"  117° 02' 02.01"  -1.00        0.11       0.0003
   STN01     MR9011      0.01     119° 09' 06.01"  119° 09' 04.51"  -1.50        0.22       0.0006
   STN01     MR9011      0.01     119° 09' 03.01"  119° 09' 04.51"   1.50        0.22       0.0006
   STN01     MR9012      0.01     120° 17' 54.01"  120° 17' 53.38"  -0.64        0.11       0.0003
   STN01     MR9012      0.01     120° 17' 57.01"  120° 17' 53.38"  -3.64        0.65       0.0019
   STN01     MR9012      0.01     120° 17' 56.01"  120° 17' 53.38"  -2.64        0.47       0.0014
   STN01     MR9012      0.01     120° 17' 52.01"  120° 17' 53.38"   1.36        0.24       0.0007
FOCSTN03      STN01      0.02     327° 32' 53.02"  327° 32' 51.09"  -1.93        0.46       0.0013
FOCSTN03      STN01      0.02     327° 32' 49.02"  327° 32' 51.09"   2.07        0.49       0.0014
FOCSTN03      STN02      0.04      86° 57' 46.04"   86° 57' 46.39"   0.35        0.06       0.0002
FOCSTN03      STN02      0.04      86° 57' 47.04"   86° 57' 46.39"  -0.65        0.10       0.0003
   STN02   FOCSTN03     -0.04     266° 57' 46.96"  266° 57' 48.65"   1.68        0.27       0.0008
   STN02   FOCSTN03     -0.04     266° 57' 44.96"  266° 57' 48.65"   3.68        0.58       0.0017
   STN02     MR9012     -0.00     308° 03' 33.00"  308° 03' 34.58"   1.58        0.26       0.0008
   STN02     MR9012     -0.00     308° 03' 40.00"  308° 03' 34.58"  -5.42        0.90       0.0026
   STN02     MR9012     -0.00     308° 03' 34.00"  308° 03' 34.58"   0.58        0.10       0.0003
   STN02     MR9012     -0.00     308° 03' 37.00"  308° 03' 34.58"  -2.42        0.40       0.0012
   STN02     MR9013     -0.00     309° 09' 12.00"  309° 09' 13.50"   1.50        0.20       0.0006
   STN02     MR9013     -0.00     309° 09' 15.00"  309° 09' 13.50"  -1.50        0.20       0.0006
   STN02     MR9014     -0.00     309° 56' 38.00"  309° 56' 40.50"   2.50        0.25       0.0007
   STN02     MR9014     -0.00     309° 56' 43.00"  309° 56' 40.50"  -2.50        0.25       0.0007
   STN02     MR9015      0.00     312° 40' 18.00"  312° 40' 20.00"   2.00        0.14       0.0004
   STN02     MR9015      0.00     312° 40' 22.00"  312° 40' 20.00"  -2.00        0.14       0.0004
   STN02     MR9016      0.00     322° 57' 53.00"  322° 57' 53.00"  -0.00        0.00       0.0000
   STN02     MR9016      0.00     322° 57' 53.00"  322° 57' 53.00"  -0.00        0.00       0.0000
   STN02     MR9017      0.00      26° 17' 32.00"   26° 17' 32.50"   0.50        0.01       0.0000
   STN02     MR9017      0.00      26° 17' 33.00"   26° 17' 32.50"  -0.50        0.01       0.0000
   STN02     MR9018      0.01      88° 38' 23.01"   88° 38' 21.51"  -1.50        0.06       0.0002
   STN02     MR9018      0.01      88° 38' 20.01"   88° 38' 21.51"   1.50        0.06       0.0002
   STN02     MR9019      0.01      98° 32' 34.01"   98° 32' 35.51"   1.50        0.11       0.0003
   STN02     MR9019      0.01      98° 32' 37.01"   98° 32' 35.51"  -1.50        0.11       0.0003
   STN02     MR9020      0.02     101° 49' 29.02"  101° 49' 24.52"  -4.50        0.48       0.0014
   STN02     MR9020      0.02     101° 49' 20.02"  101° 49' 24.52"   4.50        0.48       0.0014
   STN02     MR9021      0.02     103° 50' 10.02"  103° 50' 11.02"   1.00        0.14       0.0004
   STN02     MR9021      0.02     103° 50' 12.02"  103° 50' 11.02"  -1.00        0.14       0.0004
   STN02     MR9022      0.02     104° 58' 14.02"  104° 58' 14.75"   0.72        0.12       0.0004
   STN02     MR9022      0.02     104° 58' 12.02"  104° 58' 14.75"   2.72        0.47       0.0013
   STN02     MR9022      0.02     104° 58' 07.02"  104° 58' 14.75"   7.72        1.33       0.0038
   STN02     MR9022      0.02     104° 58' 16.02"  104° 58' 14.75"  -1.28        0.22       0.0006
   STN02      STN03      0.04     108° 59' 32.04"  108° 59' 34.32"   2.28        0.76       0.0022
   STN02      STN03      0.04     108° 59' 39.04"  108° 59' 34.32"  -4.72        1.57       0.0046
   STN03     MR9022     -0.02     293° 01' 11.98"  293° 01' 13.20"   1.22        0.21       0.0006
   STN03     MR9022     -0.02     293° 01' 06.98"  293° 01' 13.20"   6.22        1.07       0.0031
   STN03     MR9022     -0.02     293° 01' 09.98"  293° 01' 13.20"   3.22        0.56       0.0016
   STN03     MR9022     -0.02     293° 01' 13.98"  293° 01' 13.20"  -0.78        0.13       0.0004
   STN03     MR9023     -0.01     293° 59' 33.99"  293° 59' 31.49"  -2.50        0.34       0.0010
   STN03     MR9023     -0.01     293° 59' 28.99"  293° 59' 31.49"   2.50        0.34       0.0010
   STN03     MR9024     -0.01     297° 07' 42.99"  297° 07' 42.99"   0.00        0.00       0.0000
   STN03     MR9024     -0.01     297° 07' 42.99"  297° 07' 42.99"   0.00        0.00       0.0000
   STN03     MR9025     -0.00     300° 10' 40.00"  300° 10' 38.00"  -2.00        0.14       0.0004
   STN03     MR9025     -0.00     300° 10' 36.00"  300° 10' 38.00"   2.00        0.14       0.0004
   STN03     MR9026     -0.00     308° 28' 05.00"  308° 28' 05.50"   0.50        0.02       0.0001
   STN03     MR9026     -0.00     308° 28' 06.00"  308° 28' 05.50"  -0.50        0.02       0.0001
   STN03     MR9027      0.00      20° 30' 07.00"   20° 30' 08.00"   1.00        0.01       0.0000
   STN03     MR9027      0.00      20° 30' 09.00"   20° 30' 08.00"  -1.00        0.01       0.0000
   STN03     MR9028      0.01      91° 32' 29.01"   91° 32' 28.51"  -0.50        0.02       0.0001
   STN03     MR9028      0.01      91° 32' 28.01"   91° 32' 28.51"   0.50        0.02       0.0001
   STN03     MR9029      0.01      99° 41' 05.01"   99° 41' 04.51"  -0.50        0.03       0.0001
   STN03     MR9029      0.01      99° 41' 04.01"   99° 41' 04.51"   0.50        0.03       0.0001
   STN03     MR9030      0.02     103° 13' 02.02"  103° 13' 05.52"   3.50        0.36       0.0010
   STN03     MR9030      0.02     103° 13' 09.02"  103° 13' 05.52"  -3.50        0.36       0.0010
   STN03     MR9031      0.02     104° 48' 11.02"  104° 48' 07.52"  -3.50        0.47       0.0013
   STN03     MR9031      0.02     104° 48' 04.02"  104° 48' 07.52"   3.50        0.47       0.0013
   STN03     MR9032      0.02     105° 55' 10.02"  105° 55' 16.57"   6.54        1.11       0.0032
   STN03     MR9032      0.02     105° 55' 16.02"  105° 55' 16.57"   0.54        0.09       0.0003
   STN03     MR9032      0.02     105° 55' 16.02"  105° 55' 16.57"   0.54        0.09       0.0003
   STN03     MR9032      0.02     105° 55' 12.02"  105° 55' 16.57"   4.54        0.77       0.0022
   STN03      STN02     -0.04     288° 59' 38.96"  288° 59' 32.90"  -6.05        2.02       0.0059
   STN03      STN02     -0.04     288° 59' 29.96"  288° 59' 32.90"   2.95        0.98       0.0029
   STN03      STN04      0.04     110° 19' 17.04"  110° 19' 18.60"   1.57        0.51       0.0015
   STN03      STN04      0.04     110° 19' 23.04"  110° 19' 18.60"  -4.43        1.43       0.0043
   STN04     MR9032     -0.02     294° 43' 20.98"  294° 43' 23.66"   2.67        0.45       0.0013
   STN04     MR9032     -0.02     294° 43' 18.98"  294° 43' 23.66"   4.67        0.79       0.0023
   STN04     MR9032     -0.02     294° 43' 20.98"  294° 43' 23.66"   2.67        0.45       0.0013
   STN04     MR9032     -0.02     294° 43' 20.98"  294° 43' 23.66"   2.67        0.45       0.0013
   STN04     MR9033     -0.01     295° 58' 10.99"  295° 58' 07.99"  -3.00        0.41       0.0012
   STN04     MR9033     -0.01     295° 58' 04.99"  295° 58' 07.99"   3.00        0.41       0.0012
   STN04     MR9034     -0.01     297° 44' 06.99"  297° 44' 09.49"   2.50        0.26       0.0007
   STN04     MR9034     -0.01     297° 44' 11.99"  297° 44' 09.49"  -2.50        0.26       0.0007
   STN04     MR9035     -0.00     302° 03' 19.00"  302° 03' 17.50"  -1.50        0.10       0.0003
   STN04     MR9035     -0.00     302° 03' 16.00"  302° 03' 17.50"   1.50        0.10       0.0003
   STN04     MR9036      0.00     313° 20' 11.00"  313° 20' 12.00"   1.00        0.04       0.0001
   STN04     MR9036      0.00     313° 20' 13.00"  313° 20' 12.00"  -1.00        0.04       0.0001
   STN04     MR9037      0.00      15° 43' 03.00"   15° 43' 05.00"   2.00        0.03       0.0001
   STN04     MR9037      0.00      15° 43' 07.00"   15° 43' 05.00"  -2.00        0.03       0.0001
   STN04     MR9038      0.01      83° 59' 41.01"   83° 59' 41.51"   0.50        0.02       0.0001
   STN04     MR9038      0.01      83° 59' 42.01"   83° 59' 41.51"  -0.50        0.02       0.0001
   STN04     MR9039      0.01      95° 16' 30.01"   95° 16' 27.51"  -2.50        0.18       0.0005
   STN04     MR9039      0.01      95° 16' 25.01"   95° 16' 27.51"   2.50        0.18       0.0005
   STN04     MR9040      0.02      98° 53' 05.02"   98° 53' 08.02"   3.00        0.31       0.0009
   STN04     MR9040      0.02      98° 53' 11.02"   98° 53' 08.02"  -3.00        0.31       0.0009
   STN04     MR9041      0.02     101° 06' 30.02"  101° 06' 28.52"  -1.50        0.21       0.0006
   STN04     MR9041      0.02     101° 06' 27.02"  101° 06' 28.52"   1.50        0.21       0.0006
   STN04     MR9042      0.03     102° 24' 08.03"  102° 24' 15.30"   7.27        1.23       0.0036
   STN04     MR9042      0.03     102° 24' 19.03"  102° 24' 15.30"  -3.73        0.63       0.0018
   STN04     MR9042      0.03     102° 24' 18.03"  102° 24' 15.30"  -2.73        0.46       0.0013
   STN04     MR9042      0.03     102° 24' 12.03"  102° 24' 15.30"   3.27        0.55       0.0016
   STN04      STN03     -0.04     290° 19' 31.96"  290° 19' 27.33"  -4.63        1.49       0.0045
   STN04      STN03     -0.04     290° 19' 26.96"  290° 19' 27.33"   0.37        0.12       0.0004
   STN04      STN05      0.04     108° 38' 25.04"  108° 38' 27.86"   2.81        0.91       0.0027
   STN04      STN05      0.04     108° 38' 31.04"  108° 38' 27.86"  -3.19        1.03       0.0031
   STN05     MR9042     -0.02     295° 00' 01.98"  295° 00' 07.50"   5.52        0.92       0.0027
   STN05     MR9042     -0.02     295° 00' 10.98"  295° 00' 07.50"  -3.48        0.58       0.0017
   STN05     MR9042     -0.02     295° 00' 08.98"  295° 00' 07.50"  -1.48        0.25       0.0007
   STN05     MR9042     -0.02     295° 00' 03.98"  295° 00' 07.50"   3.52        0.59       0.0017
   STN05     MR9043     -0.01     296° 40' 21.99"  296° 40' 23.49"   1.50        0.20       0.0006
   STN05     MR9043     -0.01     296° 40' 24.99"  296° 40' 23.49"  -1.50        0.20       0.0006
   STN05     MR9044     -0.01     299° 43' 39.99"  299° 43' 41.49"   1.50        0.16       0.0004
   STN05     MR9044     -0.01     299° 43' 42.99"  299° 43' 41.49"  -1.50        0.16       0.0004
   STN05     MR9045     -0.00     305° 50' 53.00"  305° 50' 53.00"   0.00        0.00       0.0000
   STN05     MR9045     -0.00     305° 50' 53.00"  305° 50' 53.00"   0.00        0.00       0.0000
   STN05     MR9046      0.00     323° 12' 13.00"  323° 12' 16.00"   3.00        0.11       0.0003
   STN05     MR9046      0.00     323° 12' 19.00"  323° 12' 16.00"  -3.00        0.11       0.0003
   STN05     MR9047      0.01      17° 11' 57.01"   17° 11' 58.01"   1.00        0.02       0.0001
   STN05     MR9047      0.01      17° 11' 59.01"   17° 11' 58.01"  -1.00        0.02       0.0001
   STN05     MR9048      0.01      75° 32' 44.01"   75° 32' 45.51"   1.50        0.06       0.0002
   STN05     MR9048      0.01      75° 32' 47.01"   75° 32' 45.51"  -1.50        0.06       0.0002
   STN05     MR9049      0.02      90° 13' 09.02"   90° 13' 09.02"  -0.00        0.00       0.0000
   STN05     MR9049      0.02      90° 13' 09.02"   90° 13' 09.02"  -0.00        0.00       0.0000
   STN05     MR9050      0.02      95° 45' 01.02"   95° 45' 03.52"   2.50        0.27       0.0008
   STN05     MR9050      0.02      95° 45' 06.02"   95° 45' 03.52"  -2.50        0.27       0.0008
   STN05     MR9051      0.02      98° 25' 13.02"   98° 25' 12.02"  -1.00        0.14       0.0004
   STN05     MR9051      0.02      98° 25' 11.02"   98° 25' 12.02"   1.00        0.14       0.0004
   STN05     MR9052      0.03     100° 17' 04.03"  100° 17' 08.60"   4.57        0.79       0.0023
   STN05     MR9052      0.03     100° 17' 12.03"  100° 17' 08.60"  -3.43        0.59       0.0017
   STN05     MR9052      0.03     100° 17' 15.03"  100° 17' 08.60"  -6.43        1.11       0.0032
   STN05     MR9052      0.03     100° 17' 11.03"  100° 17' 08.60"  -2.43        0.42       0.0012
   STN05      STN04     -0.04     288° 38' 27.96"  288° 38' 23.90"  -4.06        1.31       0.0039
   STN05      STN04     -0.04     288° 38' 21.96"  288° 38' 23.90"   1.94        0.63       0.0019
   STN05      STN06      0.05     104° 56' 15.05"  104° 56' 14.06"  -0.99        0.33       0.0010
   STN05      STN06      0.05     104° 56' 10.05"  104° 56' 14.06"   4.01        1.34       0.0040
   STN06     MR9052     -0.02     289° 33' 57.98"  289° 33' 52.07"  -5.91        1.02       0.0029
   STN06     MR9052     -0.02     289° 33' 48.98"  289° 33' 52.07"   3.09        0.53       0.0015
   STN06     MR9052     -0.02     289° 33' 51.98"  289° 33' 52.07"   0.09        0.02       0.0000
   STN06     MR9052     -0.02     289° 33' 56.98"  289° 33' 52.07"  -4.91        0.85       0.0024
   STN06     MR9053     -0.02     290° 00' 45.98"  290° 00' 44.48"  -1.50        0.21       0.0006
   STN06     MR9053     -0.02     290° 00' 42.98"  290° 00' 44.48"   1.50        0.21       0.0006
   STN06     MR9054     -0.01     290° 46' 49.99"  290° 46' 43.99"  -6.00        0.63       0.0018
   STN06     MR9054     -0.01     290° 46' 37.99"  290° 46' 43.99"   6.00        0.63       0.0018
   STN06     MR9055     -0.01     292° 04' 41.99"  292° 04' 44.49"   2.50        0.19       0.0005
   STN06     MR9055     -0.01     292° 04' 46.99"  292° 04' 44.49"  -2.50        0.19       0.0005
   STN06     MR9056     -0.00     295° 46' 20.00"  295° 46' 19.50"  -0.50        0.02       0.0001
   STN06     MR9056     -0.00     295° 46' 19.00"  295° 46' 19.50"   0.50        0.02       0.0001
   STN06     MR9057      0.00     347° 05' 29.00"  347° 05' 27.00"  -2.00        0.01       0.0000
   STN06     MR9057      0.00     347° 05' 25.00"  347° 05' 27.00"   2.00        0.01       0.0000
   STN06     MR9058      0.01      98° 00' 36.01"   98° 00' 33.51"  -2.50        0.08       0.0002
   STN06     MR9058      0.01      98° 00' 31.01"   98° 00' 33.51"   2.50        0.08       0.0002
   STN06     MR9059      0.02      85° 26' 18.02"   85° 26' 21.02"   3.00        0.30       0.0008
   STN06     MR9059      0.02      85° 26' 24.02"   85° 26' 21.02"  -3.00        0.30       0.0008
   STN06     MR9060      0.02      92° 43' 44.02"   92° 43' 46.75"   2.73        0.32       0.0009
   STN06     MR9060      0.02      92° 43' 40.02"   92° 43' 46.75"   6.73        0.78       0.0022
   STN06     MR9060      0.02      92° 43' 45.02"   92° 43' 46.75"   1.73        0.20       0.0006
   STN06     MR9060      0.02      92° 43' 50.02"   92° 43' 46.75"  -3.27        0.38       0.0011
   STN06      STN05     -0.05     284° 56' 09.95"  284° 56' 09.00"  -0.95        0.32       0.0009
   STN06      STN05     -0.05     284° 56' 06.95"  284° 56' 09.00"   2.05        0.68       0.0020
   STN06      STN07      0.04      99° 18' 02.04"   99° 18' 03.51"   1.48        0.32       0.0009
   STN06      STN07      0.04      99° 18' 05.04"   99° 18' 03.51"  -1.52        0.33       0.0010
   STN07     MR9060     -0.01     286° 39' 14.99"  286° 39' 20.47"   5.48        0.57       0.0016
   STN07     MR9060     -0.01     286° 39' 16.99"  286° 39' 20.47"   3.48        0.36       0.0010
   STN07     MR9060     -0.01     286° 39' 19.99"  286° 39' 20.47"   0.48        0.05       0.0001
   STN07     MR9060     -0.01     286° 39' 20.99"  286° 39' 20.47"  -0.52        0.05       0.0002
   STN07     MR9061     -0.01     277° 19' 19.99"  277° 19' 16.49"  -3.50        0.25       0.0007
   STN07     MR9061     -0.01     277° 19' 12.99"  277° 19' 16.49"   3.50        0.25       0.0007
   STN07     MR9062     -0.01     259° 26' 02.99"  259° 26' 03.99"   1.00        0.05       0.0001
   STN07     MR9062     -0.01     259° 26' 04.99"  259° 26' 03.99"  -1.00        0.05       0.0001
   STN07     MR9063     -0.01     210° 07' 17.99"  210° 07' 17.99"  -0.00        0.00       0.0000
   STN07     MR9063     -0.01     210° 07' 17.99"  210° 07' 17.99"  -0.00        0.00       0.0000
   STN07     MR9064     -0.01     171° 31' 52.99"  171° 31' 54.99"   2.00        0.10       0.0003
   STN07     MR9064     -0.01     171° 31' 56.99"  171° 31' 54.99"  -2.00        0.10       0.0003
   STN07     MR9065     -0.01     153° 09' 28.99"  153° 09' 26.49"  -2.50        0.19       0.0005
   STN07     MR9065     -0.01     153° 09' 23.99"  153° 09' 26.49"   2.50        0.19       0.0005
   STN07     MR9066     -0.01     145° 09' 26.99"  145° 09' 32.49"   5.50        0.60       0.0017
   STN07     MR9066     -0.01     145° 09' 37.99"  145° 09' 32.49"  -5.50        0.60       0.0017
   STN07     MR9067     -0.01     140° 37' 50.99"  140° 37' 48.76"  -2.23        0.32       0.0009
   STN07     MR9067     -0.01     140° 37' 44.99"  140° 37' 48.76"   3.77        0.55       0.0016
   STN07     MR9067     -0.01     140° 37' 42.99"  140° 37' 48.76"   5.77        0.84       0.0024
   STN07     MR9067     -0.01     140° 37' 53.99"  140° 37' 48.76"  -5.23        0.76       0.0022
   STN07      STN06     -0.04     279° 17' 57.96"  279° 17' 53.81"  -4.15        0.90       0.0026
   STN07      STN06     -0.04     279° 17' 53.96"  279° 17' 53.81"  -0.15        0.03       0.0001
   STN07      STN08      0.02     118° 46' 57.02"  118° 47' 02.10"   5.08        1.18       0.0034
   STN07      STN08      0.02     118° 47' 06.02"  118° 47' 02.10"  -3.92        0.91       0.0026
   STN08     MR9067     -0.02     270° 23' 12.98"  270° 23' 08.72"  -4.25        0.48       0.0014
   STN08     MR9067     -0.02     270° 23' 07.98"  270° 23' 08.72"   0.75        0.09       0.0002
   STN08     MR9067     -0.02     270° 23' 05.98"  270° 23' 08.72"   2.75        0.31       0.0009
   STN08     MR9067     -0.02     270° 23' 08.98"  270° 23' 08.72"  -0.25        0.03       0.0001
   STN08     MR9068     -0.02     256° 57' 22.98"  256° 57' 21.48"  -1.50        0.13       0.0004
   STN08     MR9068     -0.02     256° 57' 19.98"  256° 57' 21.48"   1.50        0.13       0.0004
   STN08     MR9069     -0.02     235° 39' 26.98"  235° 39' 27.98"   1.00        0.07       0.0002
   STN08     MR9069     -0.02     235° 39' 28.98"  235° 39' 27.98"  -1.00        0.07       0.0002
   STN08     MR9070     -0.02     206° 53' 07.98"  206° 53' 07.48"  -0.50        0.04       0.0001
   STN08     MR9070     -0.02     206° 53' 06.98"  206° 53' 07.48"   0.50        0.04       0.0001
   STN08     MR9071     -0.02     183° 54' 26.98"  183° 54' 28.98"   2.00        0.17       0.0005
   STN08     MR9071     -0.02     183° 54' 30.98"  183° 54' 28.98"  -2.00        0.17       0.0005
   STN08     MR9072     -0.02     168° 37' 09.98"  168° 37' 06.98"  -3.00        0.32       0.0009
   STN08     MR9072     -0.02     168° 37' 03.98"  168° 37' 06.98"   3.00        0.32       0.0009
   STN08     MR9073     -0.02     157° 46' 16.98"  157° 46' 20.98"   4.00        0.56       0.0016
   STN08     MR9073     -0.02     157° 46' 24.98"  157° 46' 20.98"  -4.00        0.56       0.0016
   STN08     MR9074     -0.02     151° 37' 50.98"  151° 37' 47.94"  -3.04        0.51       0.0015
   STN08     MR9074     -0.02     151° 37' 44.98"  151° 37' 47.94"   2.96        0.49       0.0014
   STN08     MR9074     -0.02     151° 37' 43.98"  151° 37' 47.94"   3.96        0.66       0.0019
   STN08     MR9074     -0.02     151° 37' 48.98"  151° 37' 47.94"  -1.04        0.17       0.0005
   STN08      STN07     -0.02     298° 47' 08.98"  298° 47' 08.70"  -0.28        0.07       0.0002
   STN08      STN07     -0.02     298° 47' 09.98"  298° 47' 08.70"  -1.28        0.30       0.0009
   STN08      STN09     -0.00     132° 42' 23.00"  132° 42' 25.58"   2.58        0.89       0.0027
   STN08      STN09     -0.00     132° 42' 28.00"  132° 42' 25.58"  -2.42        0.83       0.0025
   STN09     MR9074     -0.02     298° 05' 00.98"  298° 05' 02.28"   1.30        0.28       0.0008
   STN09     MR9074     -0.02     298° 05' 00.98"  298° 05' 02.28"   1.30        0.28       0.0008
   STN09     MR9074     -0.02     298° 05' 01.98"  298° 05' 02.28"   0.30        0.06       0.0002
   STN09     MR9074     -0.02     298° 05' 06.98"  298° 05' 02.28"  -4.70        1.00       0.0029
   STN09     MR9075     -0.01     297° 17' 52.99"  297° 17' 53.49"   0.50        0.09       0.0003
   STN09     MR9075     -0.01     297° 17' 53.99"  297° 17' 53.49"  -0.50        0.09       0.0003
   STN09     MR9076     -0.01     297° 47' 08.99"  297° 47' 10.49"   1.50        0.22       0.0006
   STN09     MR9076     -0.01     297° 47' 11.99"  297° 47' 10.49"  -1.50        0.22       0.0006
   STN09     MR9077     -0.01     298° 38' 17.99"  298° 38' 14.99"  -3.00        0.34       0.0010
   STN09     MR9077     -0.01     298° 38' 11.99"  298° 38' 14.99"   3.00        0.34       0.0010
   STN09     MR9078     -0.01     300° 22' 21.99"  300° 22' 24.99"   3.00        0.24       0.0007
   STN09     MR9078     -0.01     300° 22' 27.99"  300° 22' 24.99"  -3.00        0.24       0.0007
   STN09     MR9079     -0.00     307° 11' 24.00"  307° 11' 23.50"  -0.50        0.02       0.0001
   STN09     MR9079     -0.00     307° 11' 23.00"  307° 11' 23.50"   0.50        0.02       0.0001
   STN09     MR9080      0.00     346° 16' 59.00"  346° 16' 56.00"  -3.00        0.06       0.0002
   STN09     MR9080      0.00     346° 16' 53.00"  346° 16' 56.00"   3.00        0.06       0.0002
   STN09    MR9082A      0.02     100° 09' 53.02"  100° 09' 53.60"   0.59        0.06       0.0002
   STN09    MR9082A      0.02     100° 09' 43.02"  100° 09' 53.60"  10.59        1.06       0.0030
   STN09    MR9082A      0.02     100° 09' 47.02"  100° 09' 53.60"   6.59        0.66       0.0019
   STN09    MR9082A      0.02     100° 09' 52.02"  100° 09' 53.60"   1.59        0.16       0.0005
   STN09      STN08      0.00     312° 42' 24.00"  312° 42' 22.54"  -1.46        0.50       0.0015
   STN09      STN08      0.00     312° 42' 21.00"  312° 42' 22.54"   1.54        0.53       0.0016
   STN09      STN10      0.01     119° 13' 36.01"  119° 13' 32.93"  -3.08        0.40       0.0011
   STN09      STN10      0.01     119° 13' 37.01"  119° 13' 32.93"  -4.08        0.53       0.0015
   STN10     MR9081     -0.02     250° 39' 23.98"  250° 39' 22.48"  -1.50        0.09       0.0002
   STN10     MR9081     -0.02     250° 39' 20.98"  250° 39' 22.48"   1.50        0.09       0.0002
   STN10     MR9082     -0.01     256° 09' 33.99"  256° 09' 51.32"  17.32        0.36       0.0010
   STN10     MR9082     -0.01     256° 09' 34.99"  256° 09' 51.32"  16.32        0.34       0.0010
   STN10    MR9082A      0.01     340° 57' 11.01"  340° 57' 27.67"  16.66        0.82       0.0023
   STN10    MR9082A      0.01     340° 57' 09.01"  340° 57' 27.67"  18.66        0.92       0.0026
   STN10    MR9082A      0.01     340° 57' 10.01"  340° 57' 27.67"  17.66        0.87       0.0025
   STN10    MR9082A      0.01     340° 57' 15.01"  340° 57' 27.67"  12.66        0.62       0.0018
   STN10     MR9083      0.00      75° 37' 54.00"   75° 38' 13.96"  19.96        0.20       0.0006
   STN10     MR9083      0.00      75° 37' 56.00"   75° 38' 13.96"  17.96        0.18       0.0005
   STN10     MR9083      0.00      75° 37' 53.00"   75° 38' 13.96"  20.96        0.21       0.0006
   STN10     MR9083      0.00      75° 37' 52.00"   75° 38' 13.96"  21.96        0.22       0.0006
   STN10      STN09     -0.01     299° 13' 34.99"  299° 13' 25.19"  -9.80        1.27       0.0037
   STN10      STN09     -0.01     299° 13' 24.99"  299° 13' 25.19"   0.20        0.03       0.0001
   STN10      STN11      0.01      85° 01' 30.01"   85° 01' 26.74"  -3.27        0.17       0.0005
   STN10      STN11      0.01      85° 01' 31.01"   85° 01' 26.74"  -4.27        0.22       0.0006
   STN11     MR9082     -0.02     262° 29' 55.98"  262° 30' 05.61"   9.62        0.69       0.0020
   STN11     MR9082     -0.02     262° 30' 24.98"  262° 30' 05.61" -19.38        1.39       0.0040
   STN11    MR9082A     -0.00     301° 57' 08.00"  301° 56' 58.35"  -9.65        0.77       0.0022
   STN11    MR9082A     -0.00     301° 56' 59.00"  301° 56' 58.35"  -0.65        0.05       0.0001
   STN11     MR9083     -0.01     267° 18' 50.99"  267° 18' 59.10"   8.10        0.34       0.0010
   STN11     MR9083     -0.01     267° 18' 53.99"  267° 18' 59.10"   5.10        0.21       0.0006
   STN11     MR9083     -0.01     267° 18' 55.99"  267° 18' 59.10"   3.10        0.13       0.0004
   STN11     MR9083     -0.01     267° 18' 51.99"  267° 18' 59.10"   7.10        0.30       0.0008
   STN11    MR9083A      0.00     323° 25' 35.00"  323° 25' 33.50"  -1.50        0.09       0.0003
   STN11    MR9083A      0.00     323° 25' 32.00"  323° 25' 33.50"   1.50        0.09       0.0003
   STN11     MR9084     -0.00     278° 39' 11.00"  278° 39' 09.50"  -1.50        0.01       0.0000
   STN11     MR9084     -0.00     278° 39' 08.00"  278° 39' 09.50"   1.50        0.01       0.0000
   STN11    MR9084A      0.01     349° 59' 20.01"  349° 59' 24.15"   4.14        0.21       0.0006
   STN11    MR9084A      0.01     349° 59' 23.01"  349° 59' 24.15"   1.14        0.06       0.0002
   STN11     MR9085      0.01      99° 22' 59.01"   99° 23' 04.09"   5.08        0.20       0.0006
   STN11     MR9085      0.01      99° 22' 58.01"   99° 23' 04.09"   6.08        0.24       0.0007
   STN11     MR9085      0.01      99° 22' 59.01"   99° 23' 04.09"   5.08        0.20       0.0006
   STN11     MR9085      0.01      99° 22' 58.01"   99° 23' 04.09"   6.08        0.24       0.0007
   STN11     MR9086      0.01      99° 49' 00.01"   99° 49' 00.25"   0.23        0.02       0.0000
   STN11     MR9086      0.01      99° 48' 54.01"   99° 49' 00.25"   6.23        0.45       0.0013
   STN11    MR9086A      0.02      62° 19' 29.02"   62° 19' 27.27"  -1.75        0.13       0.0004
   STN11    MR9086A      0.02      62° 19' 25.02"   62° 19' 27.27"   2.25        0.16       0.0005
   STN11     MR9087      0.02      99° 54' 52.02"   99° 54' 57.22"   5.20        0.54       0.0015
   STN11     MR9087      0.02      99° 54' 58.02"   99° 54' 57.22"  -0.80        0.08       0.0002
   STN11    MR9087A      0.03      77° 45' 45.03"   77° 45' 47.03"   2.00        0.20       0.0006
   STN11    MR9087A      0.03      77° 45' 49.03"   77° 45' 47.03"  -2.00        0.20       0.0006
   STN11      STN10     -0.01     265° 01' 30.99"  265° 01' 32.06"   1.08        0.06       0.0002
   STN11      STN10     -0.01     265° 01' 26.99"  265° 01' 32.06"   5.08        0.26       0.0007
   STN11     STN11A      0.00     108° 22' 46.00"  108° 22' 58.35"  12.35        0.10       0.0003
   STN11     STN11A      0.00     108° 22' 40.00"  108° 22' 58.35"  18.35        0.15       0.0004
   STN11      STN12      0.02     103° 54' 12.02"  103° 54' 14.61"   2.59        0.42       0.0012
   STN11      STN12      0.02     103° 54' 20.02"  103° 54' 14.61"  -5.41        0.89       0.0026
  STN11A    MR9084A      0.01     342° 19' 40.01"  342° 19' 38.74"  -1.27        0.07       0.0002
  STN11A    MR9084A      0.01     342° 19' 42.01"  342° 19' 38.74"  -3.27        0.18       0.0005
  STN11A     MR9085      0.01      96° 54' 49.01"   96° 54' 56.65"   7.65        0.23       0.0007
  STN11A     MR9085      0.01      96° 54' 49.01"   96° 54' 56.65"   7.65        0.23       0.0007
  STN11A    MR9085A      0.02      25° 40' 13.02"   25° 40' 14.02"   1.00        0.05       0.0002
  STN11A    MR9085A      0.02      25° 40' 15.02"   25° 40' 14.02"  -1.00        0.05       0.0002
  STN11A    MR9086A      0.02      57° 06' 24.02"   57° 06' 22.61"  -1.41        0.09       0.0003
  STN11A    MR9086A      0.02      57° 06' 22.02"   57° 06' 22.61"   0.59        0.04       0.0001
  STN11A      STN11     -0.00     288° 22' 44.00"  288° 23' 20.53"  36.53        0.31       0.0009
  STN11A      STN11     -0.00     288° 23' 11.00"  288° 23' 20.53"   9.53        0.08       0.0002
   STN12     MR9085     -0.02     285° 16' 13.98"  285° 16' 13.30"  -0.69        0.09       0.0002
   STN12     MR9085     -0.02     285° 16' 04.98"  285° 16' 13.30"   8.31        1.05       0.0030
   STN12     MR9085     -0.02     285° 16' 07.98"  285° 16' 13.30"   5.31        0.67       0.0019
   STN12     MR9085     -0.02     285° 16' 14.98"  285° 16' 13.30"  -1.69        0.21       0.0006
   STN12     MR9086     -0.01     287° 06' 08.99"  287° 06' 09.05"   0.06        0.01       0.0000
   STN12     MR9086     -0.01     287° 06' 03.99"  287° 06' 09.05"   5.06        0.47       0.0013
   STN12     MR9087     -0.01     290° 42' 03.99"  290° 42' 10.10"   6.11        0.38       0.0011
   STN12     MR9087     -0.01     290° 42' 08.99"  290° 42' 10.10"   1.11        0.07       0.0002
   STN12     MR9088     -0.00     294° 24' 20.00"  294° 24' 17.50"  -2.50        0.07       0.0002
   STN12     MR9088     -0.00     294° 24' 15.00"  294° 24' 17.50"   2.50        0.07       0.0002
   STN12     MR9089      0.00      97° 51' 05.00"   97° 51' 02.50"  -2.50        0.03       0.0001
   STN12     MR9089      0.00      97° 51' 00.00"   97° 51' 02.50"   2.50        0.03       0.0001
   STN12     MR9090      0.01     106° 34' 12.01"  106° 34' 11.51"  -0.50        0.02       0.0001
   STN12     MR9090      0.01     106° 34' 11.01"  106° 34' 11.51"   0.50        0.02       0.0001
   STN12     MR9091      0.01     108° 03' 50.01"  108° 03' 50.01"   0.00        0.00       0.0000
   STN12     MR9091      0.01     108° 03' 50.01"  108° 03' 50.01"   0.00        0.00       0.0000
   STN12     MR9092      0.01     108° 26' 42.01"  108° 26' 41.51"  -0.50        0.06       0.0002
   STN12     MR9092      0.01     108° 26' 41.01"  108° 26' 41.51"   0.50        0.06       0.0002
   STN12     MR9093      0.02     108° 39' 27.02"  108° 39' 27.66"   0.64        0.09       0.0003
   STN12     MR9093      0.02     108° 39' 27.02"  108° 39' 27.66"   0.64        0.09       0.0003
   STN12     MR9093      0.02     108° 39' 32.02"  108° 39' 27.66"  -4.36        0.62       0.0018
   STN12     MR9093      0.02     108° 39' 26.02"  108° 39' 27.66"   1.64        0.23       0.0007
   STN12      STN11     -0.02     283° 54' 19.98"  283° 54' 11.53"  -8.45        1.39       0.0040
   STN12      STN11     -0.02     283° 54' 13.98"  283° 54' 11.53"  -2.45        0.40       0.0012
   STN12      STN13      0.04     112° 00' 37.04"  112° 00' 38.37"   1.33        0.43       0.0013
   STN12      STN13      0.04     112° 00' 39.04"  112° 00' 38.37"  -0.67        0.22       0.0006
   STN13     MR9093     -0.02     294° 26' 13.98"  294° 26' 14.96"   0.98        0.19       0.0006
   STN13     MR9093     -0.02     294° 26' 16.98"  294° 26' 14.96"  -2.02        0.40       0.0011
   STN13     MR9093     -0.02     294° 26' 16.98"  294° 26' 14.96"  -2.02        0.40       0.0011
   STN13     MR9093     -0.02     294° 26' 12.98"  294° 26' 14.96"   1.98        0.39       0.0011
   STN13     MR9094     -0.02     295° 21' 28.98"  295° 21' 30.98"   2.00        0.33       0.0009
   STN13     MR9094     -0.02     295° 21' 32.98"  295° 21' 30.98"  -2.00        0.33       0.0009
   STN13     MR9095     -0.01     296° 45' 55.99"  296° 45' 56.49"   0.50        0.07       0.0002
   STN13     MR9095     -0.01     296° 45' 56.99"  296° 45' 56.49"  -0.50        0.07       0.0002
   STN13     MR9096     -0.01     299° 16' 35.99"  299° 16' 36.49"   0.50        0.05       0.0001
   STN13     MR9096     -0.01     299° 16' 36.99"  299° 16' 36.49"  -0.50        0.05       0.0001
   STN13     MR9097     -0.00     303° 42' 57.00"  303° 42' 58.50"   1.50        0.10       0.0003
   STN13     MR9097     -0.00     303° 42' 60.00"  303° 42' 58.50"  -1.50        0.10       0.0003
   STN13     MR9098      0.00     317° 35' 49.00"  317° 35' 47.50"  -1.50        0.05       0.0001
   STN13     MR9098      0.00     317° 35' 46.00"  317° 35' 47.50"   1.50        0.05       0.0001
   STN13     MR9099      0.00      29° 01' 49.00"   29° 01' 47.50"  -1.50        0.02       0.0001
   STN13     MR9099      0.00      29° 01' 46.00"   29° 01' 47.50"   1.50        0.02       0.0001
   STN13     MR9100      0.01      95° 05' 54.01"   95° 05' 55.01"   1.00        0.04       0.0001
   STN13     MR9100      0.01      95° 05' 56.01"   95° 05' 55.01"  -1.00        0.04       0.0001
   STN13     MR9101      0.01     107° 29' 35.01"  107° 29' 36.01"   1.00        0.07       0.0002
   STN13     MR9101      0.01     107° 29' 37.01"  107° 29' 36.01"  -1.00        0.07       0.0002
   STN13     MR9102      0.01     113° 09' 24.01"  113° 09' 21.01"  -3.00        0.31       0.0009
   STN13     MR9102      0.01     113° 09' 18.01"  113° 09' 21.01"   3.00        0.31       0.0009
   STN13     MR9103      0.01     115° 36' 41.01"  115° 36' 44.01"   3.00        0.40       0.0011
   STN13     MR9103      0.01     115° 36' 47.01"  115° 36' 44.01"  -3.00        0.40       0.0011
   STN13     MR9104      0.01     117° 20' 11.01"  117° 20' 07.01"  -4.00        0.68       0.0019
   STN13     MR9104      0.01     117° 20' 03.01"  117° 20' 07.01"   4.00        0.68       0.0019
   STN13     MR9105      0.02     117° 39' 45.02"  117° 39' 48.02"   3.00        0.59       0.0017
   STN13     MR9105      0.02     117° 39' 48.02"  117° 39' 48.02"  -0.00        0.00       0.0000
   STN13     MR9105      0.02     117° 39' 51.02"  117° 39' 48.02"  -3.00        0.59       0.0017
   STN13     MR9105      0.02     117° 39' 48.02"  117° 39' 48.02"  -0.00        0.00       0.0000
   STN13      STN12     -0.04     292° 00' 40.96"  292° 00' 36.66"  -4.30        1.39       0.0042
   STN13      STN12     -0.04     292° 00' 31.96"  292° 00' 36.66"   4.70        1.52       0.0046


                                   REDUCED DISTANCES
 FROM         TO          PROJN     OBSERVED     FINAL     RESIDUAL     STANDARDISED
                           SF       DISTANCE    DISTANCE                 RESIDUAL

   STN01   FOCSTN03      1.00016    141.8220    141.8227    0.0007       0.23 
   STN01   FOCSTN03      1.00016    141.8230    141.8227   -0.0003       0.10 
   STN01     MR9001      1.00016    111.3064    111.3064   -0.0000       0.00 
   STN01     MR9001      1.00016    111.3064    111.3064   -0.0000       0.00 
   STN01     MR9001      1.00016    111.3063    111.3064    0.0001       0.03 
   STN01     MR9001      1.00016    111.3064    111.3064   -0.0000       0.00 
   STN01     MR9002      1.00016     93.2709     93.2709    0.0000       0.00 
   STN01     MR9002      1.00016     93.2709     93.2709    0.0000       0.00 
   STN01     MR9003      1.00016     73.2080     73.2086    0.0006       0.20 
   STN01     MR9003      1.00016     73.2091     73.2086   -0.0005       0.17 
   STN01     MR9004      1.00016     53.7523     53.7523    0.0000       0.00 
   STN01     MR9004      1.00016     53.7523     53.7523    0.0000       0.00 
   STN01     MR9005      1.00016     35.9405     35.9405   -0.0001       0.03 
   STN01     MR9005      1.00016     35.9404     35.9405    0.0000       0.00 
   STN01     MR9006      1.00016     16.8628     16.8628   -0.0000       0.00 
   STN01     MR9006      1.00016     16.8628     16.8628   -0.0000       0.00 
   STN01     MR9007      1.00016      9.3354      9.3359    0.0005       0.17 
   STN01     MR9007      1.00016      9.3364      9.3359   -0.0005       0.17 
   STN01     MR9008      1.00016     27.3368     27.3368   -0.0000       0.00 
   STN01     MR9008      1.00016     27.3368     27.3368   -0.0000       0.00 
   STN01     MR9009      1.00016     46.5070     46.5070    0.0000       0.00 
   STN01     MR9009      1.00016     46.5070     46.5070    0.0000       0.00 
   STN01     MR9010      1.00016     65.8267     65.8267    0.0000       0.00 
   STN01     MR9010      1.00016     65.8267     65.8267    0.0000       0.00 
   STN01     MR9011      1.00016     86.1455     86.1455   -0.0000       0.00 
   STN01     MR9011      1.00016     86.1454     86.1455    0.0001       0.03 
   STN01     MR9012      1.00016    106.7467    106.7466   -0.0002       0.07 
   STN01     MR9012      1.00016    106.7467    106.7466   -0.0002       0.07 
   STN01     MR9012      1.00016    106.7467    106.7466   -0.0002       0.07 
   STN01     MR9012      1.00016    106.7466    106.7466   -0.0001       0.03 
FOCSTN03      STN01      1.00016    141.8220    141.8227    0.0007       0.23 
FOCSTN03      STN01      1.00016    141.8220    141.8227    0.0007       0.23 
FOCSTN03      STN02      1.00016     93.9107     93.9103   -0.0004       0.13 
FOCSTN03      STN02      1.00016     93.9107     93.9103   -0.0004       0.13 
   STN02   FOCSTN03      1.00016     93.9106     93.9103   -0.0003       0.10 
   STN02   FOCSTN03      1.00016     93.9106     93.9103   -0.0003       0.10 
   STN02     MR9012      1.00016     98.7002     98.7002   -0.0000       0.00 
   STN02     MR9012      1.00016     98.7002     98.7002   -0.0000       0.00 
   STN02     MR9012      1.00016     98.7002     98.7002   -0.0000       0.00 
   STN02     MR9012      1.00016     98.7012     98.7002   -0.0010       0.33 
   STN02     MR9013      1.00016     79.9756     79.9756    0.0000       0.00 
   STN02     MR9013      1.00016     79.9756     79.9756    0.0000       0.00 
   STN02     MR9014      1.00016     58.6456     58.6456   -0.0001       0.03 
   STN02     MR9014      1.00016     58.6455     58.6456    0.0000       0.00 
   STN02     MR9015      1.00016     40.9698     40.9698   -0.0000       0.00 
   STN02     MR9015      1.00016     40.9698     40.9698   -0.0000       0.00 
   STN02     MR9016      1.00016     20.2865     20.2865    0.0000       0.00 
   STN02     MR9016      1.00016     20.2865     20.2865    0.0000       0.00 
   STN02     MR9017      1.00016      8.6105      8.6105   -0.0000       0.00 
   STN02     MR9017      1.00016      8.6105      8.6105   -0.0000       0.00 
   STN02     MR9018      1.00016     23.5535     23.5534   -0.0001       0.03 
   STN02     MR9018      1.00016     23.5534     23.5534    0.0000       0.00 
   STN02     MR9019      1.00016     43.7263     43.7263   -0.0000       0.00 
   STN02     MR9019      1.00016     43.7263     43.7263   -0.0000       0.00 
   STN02     MR9020      1.00016     62.0864     62.0864   -0.0000       0.00 
   STN02     MR9020      1.00016     62.0864     62.0864   -0.0000       0.00 
   STN02     MR9021      1.00016     83.4962     83.4957   -0.0005       0.17 
   STN02     MR9021      1.00016     83.4952     83.4957    0.0005       0.17 
   STN02     MR9022      1.00016    101.5672    101.5670   -0.0002       0.07 
   STN02     MR9022      1.00016    101.5671    101.5670   -0.0001       0.03 
   STN02     MR9022      1.00016    101.5671    101.5670   -0.0001       0.03 
   STN02     MR9022      1.00016    101.5672    101.5670   -0.0002       0.07 
   STN02      STN03      1.00016    202.4886    202.4884   -0.0002       0.06 
   STN02      STN03      1.00016    202.4886    202.4884   -0.0002       0.06 
   STN03     MR9022      1.00016    101.4220    101.4221    0.0001       0.03 
   STN03     MR9022      1.00016    101.4220    101.4221    0.0001       0.03 
   STN03     MR9022      1.00016    101.4220    101.4221    0.0001       0.03 
   STN03     MR9022      1.00016    101.4220    101.4221    0.0001       0.03 
   STN03     MR9023      1.00016     80.3951     80.3951   -0.0000       0.00 
   STN03     MR9023      1.00016     80.3951     80.3951   -0.0000       0.00 
   STN03     MR9024      1.00016     54.2742     54.2742   -0.0000       0.00 
   STN03     MR9024      1.00016     54.2742     54.2742   -0.0000       0.00 
   STN03     MR9025      1.00016     39.4141     39.4136   -0.0005       0.17 
   STN03     MR9025      1.00016     39.4132     39.4136    0.0004       0.13 
   STN03     MR9026      1.00016     22.1202     22.1202   -0.0000       0.00 
   STN03     MR9026      1.00016     22.1202     22.1202   -0.0000       0.00 
   STN03     MR9027      1.00016      7.0428      7.0428   -0.0000       0.00 
   STN03     MR9027      1.00016      7.0428      7.0428   -0.0000       0.00 
   STN03     MR9028      1.00016     22.3265     22.3265    0.0000       0.00 
   STN03     MR9028      1.00016     22.3265     22.3265    0.0000       0.00 
   STN03     MR9029      1.00016     39.7640     39.7640    0.0000       0.00 
   STN03     MR9029      1.00016     39.7640     39.7640    0.0000       0.00 
   STN03     MR9030      1.00016     60.6232     60.6232    0.0000       0.00 
   STN03     MR9030      1.00016     60.6232     60.6232    0.0000       0.00 
   STN03     MR9031      1.00016     78.4560     78.4560    0.0000       0.00 
   STN03     MR9031      1.00016     78.4560     78.4560    0.0000       0.00 
   STN03     MR9032      1.00016     99.7102     99.7097   -0.0005       0.17 
   STN03     MR9032      1.00016     99.7103     99.7097   -0.0006       0.20 
   STN03     MR9032      1.00016     99.7103     99.7097   -0.0006       0.20 
   STN03     MR9032      1.00016     99.7102     99.7097   -0.0005       0.17 
   STN03      STN02      1.00016    202.4883    202.4884    0.0001       0.03 
   STN03      STN02      1.00016    202.4885    202.4884   -0.0001       0.03 
   STN03      STN04      1.00016    198.8671    198.8674    0.0003       0.10 
   STN03      STN04      1.00016    198.8673    198.8674    0.0001       0.03 
   STN04     MR9032      1.00016     99.7458     99.7456   -0.0003       0.10 
   STN04     MR9032      1.00016     99.7459     99.7456   -0.0004       0.13 
   STN04     MR9032      1.00016     99.7458     99.7456   -0.0003       0.10 
   STN04     MR9032      1.00016     99.7458     99.7456   -0.0003       0.10 
   STN04     MR9033      1.00016     79.0899     79.0899   -0.0000       0.00 
   STN04     MR9033      1.00016     79.0899     79.0899   -0.0000       0.00 
   STN04     MR9034      1.00016     61.2897     61.2897   -0.0001       0.03 
   STN04     MR9034      1.00016     61.2896     61.2897    0.0000       0.00 
   STN04     MR9035      1.00016     40.7097     40.7097   -0.0000       0.00 
   STN04     MR9035      1.00016     40.7097     40.7097   -0.0000       0.00 
   STN04     MR9036      1.00016     20.5124     20.5124   -0.0000       0.00 
   STN04     MR9036      1.00016     20.5124     20.5124   -0.0000       0.00 
   STN04     MR9037      1.00016      8.9609      8.9609    0.0000       0.00 
   STN04     MR9037      1.00016      8.9609      8.9609    0.0000       0.00 
   STN04     MR9038      1.00016     22.3637     22.3632   -0.0005       0.17 
   STN04     MR9038      1.00016     22.3627     22.3632    0.0005       0.17 
   STN04     MR9039      1.00016     42.1925     42.1925    0.0000       0.00 
   STN04     MR9039      1.00016     42.1925     42.1925    0.0000       0.00 
   STN04     MR9040      1.00016     59.8227     59.8227    0.0000       0.00 
   STN04     MR9040      1.00016     59.8228     59.8227   -0.0001       0.03 
   STN04     MR9041      1.00016     80.5130     80.5134    0.0005       0.17 
   STN04     MR9041      1.00016     80.5139     80.5134   -0.0004       0.13 
   STN04     MR9042      1.00016    101.0175    101.0176    0.0001       0.03 
   STN04     MR9042      1.00016    101.0177    101.0176   -0.0001       0.03 
   STN04     MR9042      1.00016    101.0177    101.0176   -0.0001       0.03 
   STN04     MR9042      1.00016    101.0175    101.0176    0.0001       0.03 
   STN04      STN03      1.00016    198.8667    198.8674    0.0007       0.23 
   STN04      STN03      1.00016    198.8669    198.8674    0.0005       0.16 
   STN04      STN05      1.00016    198.8472    198.8459   -0.0013       0.42 
   STN04      STN05      1.00016    198.8474    198.8459   -0.0015       0.48 
   STN05     MR9042      1.00016     99.0361     99.0362    0.0000       0.00 
   STN05     MR9042      1.00016     99.0360     99.0362    0.0001       0.03 
   STN05     MR9042      1.00016     99.0359     99.0362    0.0002       0.07 
   STN05     MR9042      1.00016     99.0361     99.0362    0.0000       0.00 
   STN05     MR9043      1.00016     78.5021     78.5020   -0.0001       0.03 
   STN05     MR9043      1.00016     78.5019     78.5020    0.0001       0.03 
   STN05     MR9044      1.00016     60.8862     60.8862    0.0000       0.00 
   STN05     MR9044      1.00016     60.8862     60.8862    0.0000       0.00 
   STN05     MR9045      1.00016     40.9223     40.9223    0.0001       0.03 
   STN05     MR9045      1.00016     40.9224     40.9223   -0.0000       0.00 
   STN05     MR9046      1.00016     22.0501     22.0506    0.0005       0.17 
   STN05     MR9046      1.00016     22.0511     22.0506   -0.0005       0.17 
   STN05     MR9047      1.00016     12.9580     12.9580   -0.0000       0.00 
   STN05     MR9047      1.00016     12.9580     12.9580   -0.0000       0.00 
   STN05     MR9048      1.00016     24.5451     24.5451    0.0000       0.00 
   STN05     MR9048      1.00016     24.5451     24.5451    0.0000       0.00 
   STN05     MR9049      1.00016     43.6861     43.6861    0.0000       0.00 
   STN05     MR9049      1.00016     43.6861     43.6861    0.0000       0.00 
   STN05     MR9050      1.00016     63.9374     63.9374    0.0001       0.03 
   STN05     MR9050      1.00016     63.9375     63.9374   -0.0001       0.03 
   STN05     MR9051      1.00016     81.4595     81.4595   -0.0000       0.00 
   STN05     MR9051      1.00016     81.4594     81.4595    0.0001       0.03 
   STN05     MR9052      1.00016    102.1616    102.1609   -0.0006       0.20 
   STN05     MR9052      1.00016    102.1608    102.1609    0.0002       0.07 
   STN05     MR9052      1.00016    102.1608    102.1609    0.0002       0.07 
   STN05     MR9052      1.00016    102.1607    102.1609    0.0003       0.10 
   STN05      STN04      1.00016    198.8446    198.8459    0.0013       0.42 
   STN05      STN04      1.00016    198.8448    198.8459    0.0011       0.35 
   STN05      STN06      1.00016    204.1543    204.1547    0.0004       0.13 
   STN05      STN06      1.00016    204.1543    204.1547    0.0004       0.13 
   STN06     MR9052      1.00016    102.6651    102.6650   -0.0001       0.03 
   STN06     MR9052      1.00016    102.6651    102.6650   -0.0001       0.03 
   STN06     MR9052      1.00016    102.6653    102.6650   -0.0003       0.10 
   STN06     MR9052      1.00016    102.6652    102.6650   -0.0002       0.07 
   STN06     MR9053      1.00016     81.8112     81.8113    0.0001       0.03 
   STN06     MR9053      1.00016     81.8114     81.8113   -0.0001       0.03 
   STN06     MR9054      1.00016     61.1712     61.1712    0.0001       0.03 
   STN06     MR9054      1.00016     61.1713     61.1712   -0.0000       0.00 
   STN06     MR9055      1.00016     43.3432     43.3431   -0.0000       0.00 
   STN06     MR9055      1.00016     43.3431     43.3431    0.0001       0.03 
   STN06     MR9056      1.00016     22.6398     22.6398    0.0000       0.00 
   STN06     MR9056      1.00016     22.6398     22.6398    0.0000       0.00 
   STN06     MR9057      1.00016      3.6378      3.6378   -0.0000       0.00 
   STN06     MR9057      1.00016      3.6378      3.6378   -0.0000       0.00 
   STN06     MR9058      1.00016     18.9647     18.9647   -0.0000       0.00 
   STN06     MR9058      1.00016     18.9647     18.9647   -0.0000       0.00 
   STN06     MR9059      1.00016     57.9315     57.9315   -0.0000       0.00 
   STN06     MR9059      1.00016     57.9315     57.9315   -0.0000       0.00 
   STN06     MR9060      1.00016     68.7345     68.7336   -0.0009       0.30 
   STN06     MR9060      1.00016     68.7335     68.7336    0.0001       0.03 
   STN06     MR9060      1.00016     68.7335     68.7336    0.0001       0.03 
   STN06     MR9060      1.00016     68.7335     68.7336    0.0001       0.03 
   STN06      STN05      1.00016    204.1554    204.1547   -0.0007       0.23 
   STN06      STN05      1.00016    204.1547    204.1547   -0.0000       0.00 
   STN06      STN07      1.00016    129.2010    129.2004   -0.0006       0.20 
   STN06      STN07      1.00016    129.2013    129.2004   -0.0009       0.30 
   STN07     MR9060      1.00016     61.4245     61.4241   -0.0004       0.13 
   STN07     MR9060      1.00016     61.4236     61.4241    0.0005       0.17 
   STN07     MR9060      1.00016     61.4246     61.4241   -0.0005       0.17 
   STN07     MR9060      1.00016     61.4235     61.4241    0.0006       0.20 
   STN07     MR9061      1.00016     42.0234     42.0234   -0.0000       0.00 
   STN07     MR9061      1.00016     42.0234     42.0234   -0.0000       0.00 
   STN07     MR9062      1.00016     27.6298     27.6298   -0.0001       0.03 
   STN07     MR9062      1.00016     27.6297     27.6298    0.0000       0.00 
   STN07     MR9063      1.00016     20.0498     20.0498    0.0000       0.00 
   STN07     MR9063      1.00016     20.0498     20.0498    0.0000       0.00 
   STN07     MR9064      1.00016     28.2684     28.2684    0.0000       0.00 
   STN07     MR9064      1.00016     28.2684     28.2684    0.0000       0.00 
   STN07     MR9065      1.00016     45.2997     45.2997    0.0000       0.00 
   STN07     MR9065      1.00016     45.2997     45.2997    0.0000       0.00 
   STN07     MR9066      1.00016     64.4488     64.4488    0.0000       0.00 
   STN07     MR9066      1.00016     64.4488     64.4488    0.0000       0.00 
   STN07     MR9067      1.00016     85.2003     85.1999   -0.0004       0.13 
   STN07     MR9067      1.00016     85.2002     85.1999   -0.0003       0.10 
   STN07     MR9067      1.00016     85.2002     85.1999   -0.0003       0.10 
   STN07     MR9067      1.00016     85.2003     85.1999   -0.0004       0.13 
   STN07      STN06      1.00016    129.1995    129.2004    0.0009       0.30 
   STN07      STN06      1.00016    129.1999    129.2004    0.0005       0.17 
   STN07      STN08      1.00016    137.7169    137.7174    0.0006       0.20 
   STN07      STN08      1.00016    137.7174    137.7174    0.0001       0.03 
   STN08     MR9067      1.00016     66.6589     66.6586   -0.0003       0.10 
   STN08     MR9067      1.00016     66.6590     66.6586   -0.0004       0.13 
   STN08     MR9067      1.00016     66.6591     66.6586   -0.0005       0.17 
   STN08     MR9067      1.00016     66.6589     66.6586   -0.0003       0.10 
   STN08     MR9068      1.00016     52.1356     52.1357    0.0001       0.03 
   STN08     MR9068      1.00016     52.1358     52.1357   -0.0001       0.03 
   STN08     MR9069      1.00016     42.9659     42.9658   -0.0001       0.03 
   STN08     MR9069      1.00016     42.9657     42.9658    0.0001       0.03 
   STN08     MR9070      1.00015     41.7619     41.7614   -0.0004       0.13 
   STN08     MR9070      1.00015     41.7610     41.7614    0.0005       0.17 
   STN08     MR9071      1.00015     49.4056     49.4055   -0.0000       0.00 
   STN08     MR9071      1.00015     49.4055     49.4055    0.0001       0.03 
   STN08     MR9072      1.00015     62.3389     62.3389    0.0000       0.00 
   STN08     MR9072      1.00015     62.3389     62.3389    0.0000       0.00 
   STN08     MR9073      1.00015     81.7236     81.7237    0.0001       0.03 
   STN08     MR9073      1.00015     81.7238     81.7237   -0.0001       0.03 
   STN08     MR9074      1.00015     98.3697     98.3685   -0.0012       0.40 
   STN08     MR9074      1.00015     98.3695     98.3685   -0.0010       0.33 
   STN08     MR9074      1.00015     98.3695     98.3685   -0.0010       0.33 
   STN08     MR9074      1.00015     98.3697     98.3685   -0.0012       0.40 
   STN08      STN07      1.00016    137.7165    137.7174    0.0010       0.33 
   STN08      STN07      1.00016    137.7180    137.7174   -0.0005       0.17 
   STN08      STN09      1.00015    215.3236    215.3248    0.0012       0.39 
   STN08      STN09      1.00015    215.3241    215.3248    0.0007       0.23 
   STN09     MR9074      1.00015    126.3664    126.3654   -0.0011       0.37 
   STN09     MR9074      1.00015    126.3667    126.3654   -0.0014       0.47 
   STN09     MR9074      1.00015    126.3664    126.3654   -0.0011       0.37 
   STN09     MR9074      1.00015    126.3663    126.3654   -0.0010       0.33 
   STN09     MR9075      1.00015    105.6276    105.6284    0.0008       0.27 
   STN09     MR9075      1.00015    105.6291    105.6284   -0.0007       0.23 
   STN09     MR9076      1.00015     87.0285     87.0283   -0.0003       0.10 
   STN09     MR9076      1.00015     87.0280     87.0283    0.0003       0.10 
   STN09     MR9077      1.00015     65.5839     65.5843    0.0003       0.10 
   STN09     MR9077      1.00015     65.5846     65.5843   -0.0004       0.13 
   STN09     MR9078      1.00015     47.0316     47.0315   -0.0001       0.03 
   STN09     MR9078      1.00015     47.0314     47.0315    0.0001       0.03 
   STN09     MR9079      1.00015     26.4513     26.4512   -0.0001       0.03 
   STN09     MR9079      1.00015     26.4511     26.4512    0.0001       0.03 
   STN09     MR9080      1.00015     12.2282     12.2282    0.0000       0.00 
   STN09     MR9080      1.00015     12.2283     12.2282   -0.0001       0.03 
   STN09    MR9082A      1.00015     58.6702     58.6697   -0.0006       0.20 
   STN09    MR9082A      1.00015     58.6701     58.6697   -0.0005       0.17 
   STN09    MR9082A      1.00015     58.6710     58.6697   -0.0014       0.47 
   STN09    MR9082A      1.00015     58.6713     58.6697   -0.0017       0.57 
   STN09      STN08      1.00015    215.3228    215.3248    0.0020       0.65 
   STN09      STN08      1.00015    215.3241    215.3248    0.0007       0.23 
   STN09      STN10      1.00015     76.9303     76.9319    0.0016       0.53 
   STN09      STN10      1.00015     76.9319     76.9319    0.0000       0.00 
   STN10     MR9081      1.00015     33.6423     33.6423    0.0001       0.03 
   STN10     MR9081      1.00015     33.6424     33.6423   -0.0000       0.00 
   STN10     MR9082      1.00015     12.0353     12.0346   -0.0007       0.23 
   STN10     MR9082      1.00015     12.0343     12.0346    0.0003       0.10 
   STN10    MR9082A      1.00015     28.7820     28.7828    0.0008       0.27 
   STN10    MR9082A      1.00015     28.7821     28.7828    0.0007       0.23 
   STN10    MR9082A      1.00015     28.7821     28.7828    0.0007       0.23 
   STN10    MR9082A      1.00015     28.7820     28.7828    0.0008       0.27 
   STN10     MR9083      1.00015      5.9563      5.9557   -0.0007       0.23 
   STN10     MR9083      1.00015      5.9563      5.9557   -0.0007       0.23 
   STN10     MR9083      1.00015      5.9563      5.9557   -0.0007       0.23 
   STN10     MR9083      1.00015      5.9563      5.9557   -0.0007       0.23 
   STN10      STN09      1.00015     76.9317     76.9319    0.0002       0.07 
   STN10      STN09      1.00015     76.9322     76.9319   -0.0003       0.10 
   STN10      STN11      1.00015     30.1583     30.1577   -0.0007       0.23 
   STN10      STN11      1.00015     30.1582     30.1577   -0.0006       0.20 
   STN11     MR9082      1.00015     42.0890     42.0895    0.0005       0.17 
   STN11     MR9082      1.00015     42.0900     42.0895   -0.0005       0.17 
   STN11    MR9082A      1.00015     46.4731     46.4744    0.0014       0.47 
   STN11    MR9082A      1.00015     46.4732     46.4744    0.0013       0.43 
   STN11     MR9083      1.00015     24.3016     24.3012   -0.0005       0.17 
   STN11     MR9083      1.00015     24.3017     24.3012   -0.0006       0.20 
   STN11     MR9083      1.00015     24.3017     24.3012   -0.0006       0.20 
   STN11     MR9083      1.00015     24.3016     24.3012   -0.0005       0.17 
   STN11    MR9083A      1.00015     34.7019     34.7019   -0.0000       0.00 
   STN11    MR9083A      1.00015     34.7019     34.7019   -0.0000       0.00 
   STN11     MR9084      1.00015      2.0379      2.0379   -0.0000       0.00 
   STN11     MR9084      1.00015      2.0379      2.0379   -0.0000       0.00 
   STN11    MR9084A      1.00015     29.7224     29.7222   -0.0002       0.07 
   STN11    MR9084A      1.00015     29.7224     29.7222   -0.0002       0.07 
   STN11     MR9085      1.00015     22.6015     22.6011   -0.0004       0.13 
   STN11     MR9085      1.00015     22.6014     22.6011   -0.0003       0.10 
   STN11     MR9085      1.00015     22.6015     22.6011   -0.0004       0.13 
   STN11     MR9085      1.00015     22.6014     22.6011   -0.0003       0.10 
   STN11     MR9086      1.00015     42.7502     42.7502    0.0000       0.00 
   STN11     MR9086      1.00015     42.7505     42.7502   -0.0003       0.10 
   STN11    MR9086A      1.00015     42.0441     42.0445    0.0004       0.13 
   STN11    MR9086A      1.00015     42.0443     42.0445    0.0002       0.07 
   STN11     MR9087      1.00015     61.4562     61.4560   -0.0003       0.10 
   STN11     MR9087      1.00015     61.4556     61.4560    0.0003       0.10 
   STN11    MR9087A      1.00015     58.6332     58.6331   -0.0001       0.03 
   STN11    MR9087A      1.00015     58.6329     58.6331    0.0002       0.07 
   STN11      STN10      1.00015     30.1585     30.1577   -0.0009       0.30 
   STN11      STN10      1.00015     30.1574     30.1577    0.0002       0.07 
   STN11     STN11A      1.00015      4.9076      4.9065   -0.0011       0.37 
   STN11     STN11A      1.00015      4.9076      4.9065   -0.0011       0.37 
   STN11      STN12      1.00015     97.1536     97.1545    0.0009       0.30 
   STN11      STN12      1.00015     97.1534     97.1545    0.0011       0.37 
  STN11A    MR9084A      1.00015     32.3443     32.3445    0.0003       0.10 
  STN11A    MR9084A      1.00015     32.3443     32.3445    0.0003       0.10 
  STN11A     MR9085      1.00015     17.7720     17.7716   -0.0005       0.17 
  STN11A     MR9085      1.00015     17.7720     17.7716   -0.0005       0.17 
  STN11A    MR9085A      1.00015     31.0761     31.0761    0.0000       0.00 
  STN11A    MR9085A      1.00015     31.0761     31.0761    0.0000       0.00 
  STN11A    MR9086A      1.00015     38.8012     38.8010   -0.0002       0.07 
  STN11A    MR9086A      1.00015     38.8014     38.8010   -0.0004       0.13 
  STN11A      STN11      1.00015      4.9064      4.9065    0.0001       0.03 
  STN11A      STN11      1.00015      4.9065      4.9065    0.0000       0.00 
   STN12     MR9085      1.00015     74.6455     74.6449   -0.0005       0.17 
   STN12     MR9085      1.00015     74.6453     74.6449   -0.0003       0.10 
   STN12     MR9085      1.00015     74.6453     74.6449   -0.0003       0.10 
   STN12     MR9085      1.00015     74.6456     74.6449   -0.0006       0.20 
   STN12     MR9086      1.00015     54.5983     54.5981   -0.0001       0.03 
   STN12     MR9086      1.00015     54.5981     54.5981    0.0001       0.03 
   STN12     MR9087      1.00015     36.1011     36.1013    0.0001       0.03 
   STN12     MR9087      1.00015     36.1011     36.1013    0.0001       0.03 
   STN12     MR9088      1.00015     15.6024     15.6024   -0.0000       0.00 
   STN12     MR9088      1.00015     15.6024     15.6024   -0.0000       0.00 
   STN12     MR9089      1.00015      5.9458      5.9458    0.0000       0.00 
   STN12     MR9089      1.00015      5.9458      5.9458    0.0000       0.00 
   STN12     MR9090      1.00015     24.2985     24.2985    0.0000       0.00 
   STN12     MR9090      1.00015     24.2985     24.2985    0.0000       0.00 
   STN12     MR9091      1.00015     45.8037     45.8037   -0.0000       0.00 
   STN12     MR9091      1.00015     45.8036     45.8037    0.0001       0.03 
   STN12     MR9092      1.00015     65.2676     65.2677    0.0001       0.03 
   STN12     MR9092      1.00015     65.2678     65.2677   -0.0001       0.03 
   STN12     MR9093      1.00015     84.2060     84.2060   -0.0000       0.00 
   STN12     MR9093      1.00015     84.2059     84.2060    0.0001       0.03 
   STN12     MR9093      1.00015     84.2058     84.2060    0.0002       0.07 
   STN12     MR9093      1.00015     84.2060     84.2060   -0.0000       0.00 
   STN12      STN11      1.00015     97.1548     97.1545   -0.0003       0.10 
   STN12      STN11      1.00015     97.1543     97.1545    0.0002       0.07 
   STN12      STN13      1.00015    200.2450    200.2445   -0.0005       0.16 
   STN12      STN13      1.00015    200.2444    200.2445    0.0001       0.03 
   STN13     MR9093      1.00015    116.2866    116.2870    0.0004       0.13 
   STN13     MR9093      1.00015    116.2878    116.2870   -0.0008       0.27 
   STN13     MR9093      1.00015    116.2870    116.2870    0.0000       0.00 
   STN13     MR9093      1.00015    116.2866    116.2870    0.0004       0.13 
   STN13     MR9094      1.00015     97.6000     97.6000    0.0000       0.00 
   STN13     MR9094      1.00015     97.6000     97.6000    0.0000       0.00 
   STN13     MR9095      1.00015     78.8787     78.8786   -0.0001       0.03 
   STN13     MR9095      1.00015     78.8785     78.8786    0.0001       0.03 
   STN13     MR9096      1.00015     57.4146     57.4145   -0.0001       0.03 
   STN13     MR9096      1.00015     57.4145     57.4145    0.0000       0.00 
   STN13     MR9097      1.00015     39.1215     39.1215   -0.0000       0.00 
   STN13     MR9097      1.00015     39.1215     39.1215   -0.0000       0.00 
   STN13     MR9098      1.00015     19.3316     19.3316   -0.0000       0.00 
   STN13     MR9098      1.00015     19.3316     19.3316   -0.0000       0.00 
   STN13     MR9099      1.00015      8.4966      8.4966   -0.0000       0.00 
   STN13     MR9099      1.00015      8.4966      8.4966   -0.0000       0.00 
   STN13     MR9100      1.00015     23.0138     23.0138   -0.0000       0.00 
   STN13     MR9100      1.00015     23.0138     23.0138   -0.0000       0.00 
   STN13     MR9101      1.00015     39.3757     39.3757   -0.0000       0.00 
   STN13     MR9101      1.00015     39.3757     39.3757   -0.0000       0.00 
   STN13     MR9102      1.00015     60.5660     60.5666    0.0006       0.20 
   STN13     MR9102      1.00015     60.5671     60.5666   -0.0005       0.17 
   STN13     MR9103      1.00015     78.7940     78.7939   -0.0000       0.00 
   STN13     MR9103      1.00015     78.7939     78.7939    0.0001       0.03 
   STN13     MR9104      1.00015    100.5138    100.5139    0.0001       0.03 
   STN13     MR9104      1.00015    100.5140    100.5139   -0.0001       0.03 
   STN13     MR9105      1.00015    116.2258    116.2251   -0.0007       0.23 
   STN13     MR9105      1.00015    116.2245    116.2251    0.0006       0.20 
   STN13     MR9105      1.00015    116.2255    116.2251   -0.0004       0.13 
   STN13     MR9105      1.00015    116.2248    116.2251    0.0003       0.10 
   STN13      STN12      1.00015    200.2446    200.2445   -0.0001       0.03 
   STN13      STN12      1.00015    200.2442    200.2445    0.0003       0.10 



                            WEIGHTED COORDINATE CORRECTIONS
         DESCRIPTION      EAST       sdE       dE        NORTH       sdN       dN
    
               STN01  286535.6070    0.0100 -0.0113  6215734.0080   0.0100  0.0004
            FOCSTN03  286672.2060    0.0100 -0.0084  6215695.8880   0.0100 -0.0053
               STN05  287292.5330    0.0100 -0.0031  6215993.2780   0.0100 -0.0032
               STN09  287932.5850    0.0100  0.0047  6216184.2510   0.0100 -0.0015
               STN11  288028.2220    0.0100  0.0064  6216223.2240   0.0100 -0.0005
               STN13  288302.2050    0.0100  0.0117  6216337.1760   0.0100  0.0101
    
    
                              NUMBER OF TAGGED RESIDUALS: 0
                      Maximum offset at direction 91, offset 0.0059
                            MAXIMUM STANDARDISED RESIDUALS
                               Direction line  91: 2.02
                        Reduced distance line  249: 0.65
    
    
                             ESTIMATE OF VARIANCE FACTOR: 0.19
                  F TEST AT 95% CONFIDENCE LEVEL, 1.22, 469 DEGREES OF FREEDOM
                                   ADJUSTMENT PASSES
    
                            ADJUSTED COORDINATES
    POINT      EAST     STD DEV        NORTH     STD DEV   DESCRIPTION
    
       1   286535.5957  0.0022     6215734.0084  0.0032    STN01
       2   286672.1976  0.0022     6215695.8827  0.0028    FOCSTN03
      48   287292.5299  0.0020     6215993.2748  0.0031    STN05
      84   287932.5897  0.0021     6216184.2495  0.0027    STN09
      96   288028.2284  0.0020     6216223.2235  0.0027    STN11
     114   288302.2167  0.0024     6216337.1861  0.0038    STN13
       3   286427.6135  0.0023     6215707.0018  0.0042    MR9001
       4   286444.1225  0.0024     6215715.7748  0.0041    MR9002
       5   286463.1871  0.0024     6215723.2018  0.0039    MR9003
       6   286482.0117  0.0024     6215729.7325  0.0037    MR9004
       7   286499.6532  0.0024     6215734.0877  0.0036    MR9005
       8   286519.2737  0.0024     6215738.2542  0.0034    MR9006
       9   286539.0977  0.0023     6215742.6629  0.0033    MR9007
      10   286559.8858  0.0024     6215746.5471  0.0032    MR9008
      11   286579.6783  0.0024     6215748.8230  0.0031    MR9009
      12   286599.2014  0.0024     6215750.9566  0.0030    MR9010
      13   286619.5978  0.0024     6215753.0970  0.0030    MR9011
      14   286640.1394  0.0022     6215755.5733  0.0029    MR9012
      15   286738.6117  0.0021     6215762.2755  0.0028    STN02
      16   286658.7316  0.0023     6215758.3694  0.0030    MR9013
      17   286680.0022  0.0023     6215760.2200  0.0030    MR9014
      18   286697.6452  0.0023     6215762.7896  0.0029    MR9015
      19   286718.6988  0.0023     6215766.1504  0.0029    MR9016
      20   286736.2874  0.0023     6215770.5664  0.0029    MR9017
      21   286755.7493  0.0023     6215778.4331  0.0029    MR9018
      22   286775.1123  0.0023     6215786.3524  0.0029    MR9019
      23   286792.3096  0.0023     6215793.4404  0.0029    MR9020
      24   286812.2539  0.0023     6215801.6247  0.0029    MR9021
      25   286829.1227  0.0021     6215808.3583  0.0028    MR9022
      26   286925.0580  0.0021     6215841.2652  0.0028    STN03
      27   286848.5807  0.0023     6215816.4741  0.0029    MR9023
      28   286872.5903  0.0023     6215827.3789  0.0029    MR9024
      29   286886.4738  0.0023     6215833.2217  0.0029    MR9025
      30   286902.9786  0.0023     6215839.9207  0.0029    MR9026
      31   286922.4824  0.0023     6215847.8202  0.0030    MR9027
      32   286942.0575  0.0023     6215855.7389  0.0030    MR9028
      33   286958.6808  0.0023     6215862.4946  0.0030    MR9029
      34   286978.2157  0.0023     6215870.4100  0.0030    MR9030
      35   286994.8688  0.0023     6215877.0673  0.0031    MR9031
      36   287014.6523  0.0021     6215885.0244  0.0030    MR9032
      37   287109.9206  0.0021     6215914.5733  0.0030    STN04
      38   287033.8893  0.0023     6215892.7912  0.0031    MR9033
      39   287050.5086  0.0023     6215899.5185  0.0031    MR9034
      40   287069.8172  0.0023     6215907.5738  0.0031    MR9035
      41   287089.4142  0.0023     6215915.0678  0.0031    MR9036
      42   287105.9590  0.0022     6215922.6110  0.0031    MR9037
      43   287124.8960  0.0022     6215931.1821  0.0031    MR9038
      44   287143.7579  0.0023     6215939.7774  0.0031    MR9039
      45   287160.0524  0.0023     6215947.2161  0.0032    MR9040
      46   287179.0443  0.0023     6215955.8568  0.0032    MR9041
      47   287197.7974  0.0021     6215964.3950  0.0031    MR9042
      49   287216.8038  0.0022     6215972.5818  0.0032    MR9043
      50   287233.0251  0.0022     6215980.3775  0.0032    MR9044
      51   287251.8402  0.0022     6215988.9183  0.0032    MR9045
      52   287270.9035  0.0022     6215997.5732  0.0032    MR9046
      53   287287.1044  0.0022     6216005.0385  0.0032    MR9047
      54   287306.1105  0.0022     6216013.7173  0.0032    MR9048
      55   287325.1303  0.0022     6216022.3525  0.0032    MR9049
      56   287344.1232  0.0022     6216031.0359  0.0033    MR9050
      57   287360.4314  0.0022     6216038.2722  0.0033    MR9051
      58   287379.4796  0.0021     6216046.9061  0.0032    MR9052
      59   287474.4061  0.0021     6216086.0093  0.0033    STN06
      60   287398.5201  0.0023     6216055.4411  0.0033    MR9053
      61   287417.3646  0.0023     6216063.9143  0.0033    MR9054
      62   287433.6443  0.0023     6216071.2749  0.0033    MR9055
      63   287452.6630  0.0023     6216079.7003  0.0034    MR9056
      64   287471.4312  0.0023     6216088.1030  0.0034    MR9057
      65   287490.1390  0.0023     6216096.5987  0.0034    MR9058
      66   287514.2735  0.0023     6216128.0408  0.0034    MR9059
      67   287527.6532  0.0021     6216129.4724  0.0034    MR9060
      68   287583.1883  0.0021     6216155.7171  0.0032    STN07
      69   287548.6093  0.0023     6216131.8370  0.0034    MR9061
      70   287566.3743  0.0023     6216133.7923  0.0034    MR9062
      71   287587.2981  0.0023     6216136.0930  0.0034    MR9063
      72   287604.9752  0.0023     6216137.7050  0.0033    MR9064
      73   287625.4201  0.0023     6216139.3302  0.0033    MR9065
      74   287645.9319  0.0023     6216140.9904  0.0033    MR9066
      75   287667.4123  0.0021     6216142.8589  0.0032    MR9067
      76   287717.2856  0.0021     6216187.0858  0.0029    STN08
      77   287687.3788  0.0023     6216144.3808  0.0032    MR9068
      78   287707.1054  0.0023     6216145.3435  0.0031    MR9069
      79   287728.1411  0.0023     6216146.7599  0.0030    MR9070
      80   287747.7325  0.0023     6216148.1770  0.0030    MR9071
      81   287767.2891  0.0023     6216149.8596  0.0030    MR9072
      82   287790.8502  0.0023     6216151.4907  0.0029    MR9073
      83   287809.9093  0.0021     6216153.9617  0.0028    MR9074
      85   287830.3987  0.0023     6216157.5278  0.0029    MR9075
      86   287848.2094  0.0023     6216162.9509  0.0028    MR9076
      87   287868.7700  0.0023     6216169.1450  0.0028    MR9077
      88   287886.5171  0.0023     6216174.8089  0.0028    MR9078
      89   287906.2317  0.0023     6216182.0523  0.0028    MR9079
      90   287922.4937  0.0022     6216191.1442  0.0029    MR9080
      91   287982.4620  0.0021     6216215.1521  0.0029    MR9082A
      92   288007.6339  0.0021     6216201.1941  0.0028    STN10
      93   287991.4743  0.0023     6216171.6869  0.0030    MR9081
      94   288000.8668  0.0022     6216191.2423  0.0029    MR9082
      95   288010.9374  0.0021     6216206.1496  0.0029    MR9083
      97   287994.2221  0.0022     6216230.1270  0.0030    MR9083A
      98   288026.5270  0.0022     6216222.1042  0.0029    MR9084
      99   288004.8216  0.0021     6216241.5380  0.0029    MR9084A
     100   288047.2779  0.0021     6216235.3885  0.0027    MR9085
     101   288064.4316  0.0021     6216245.9617  0.0027    MR9086
     102   288042.8678  0.0022     6216262.6372  0.0028    MR9086A
     103   288080.3283  0.0021     6216255.8211  0.0027    MR9087
     104   288062.5387  0.0023     6216270.7706  0.0028    MR9087A
     105   288032.7275  0.0021     6216225.1848  0.0028    STN11A
     106   288113.9757  0.0021     6216268.9037  0.0026    STN12
     107   288024.0128  0.0023     6216255.0139  0.0029    MR9085A
     108   288099.0991  0.0022     6216264.2003  0.0027    MR9088
     109   288118.8993  0.0022     6216272.2370  0.0027    MR9089
     110   288135.9291  0.0023     6216279.3184  0.0027    MR9090
     111   288155.8565  0.0023     6216287.4501  0.0028    MR9091
     112   288173.8280  0.0023     6216294.9340  0.0029    MR9092
     113   288191.3191  0.0022     6216302.2000  0.0029    MR9093
     115   288208.6800  0.0024     6216309.3229  0.0031    MR9094
     116   288226.0917  0.0024     6216316.5315  0.0032    MR9095
     117   288246.2010  0.0025     6216324.5953  0.0034    MR9096
     118   288263.4986  0.0025     6216331.5885  0.0035    MR9097
     119   288282.9791  0.0026     6216339.0929  0.0037    MR9098
     120   288300.3173  0.0026     6216345.4721  0.0039    MR9099
     121   288320.6326  0.0027     6216350.9926  0.0041    MR9100
     122   288338.0599  0.0027     6216353.4917  0.0043    MR9101
     123   288359.5545  0.0027     6216356.7023  0.0046    MR9102
     124   288377.8295  0.0027     6216359.3540  0.0048    MR9103
     125   288399.4790  0.0028     6216362.5505  0.0051    MR9104
     126   288414.8480  0.0027     6216365.8700  0.0053    MR9105
